[www.saas-hackers.com/job-descriptions/content-creator.html]
[backblue.gif]
[fade.gif]
[index.html]
[cdn.prod.website-files.com/608ef1594b6514bae8d4f970/css/saas-hackers.webflow.458a76ed3.min.css]
[ajax.googleapis.com/ajax/libs/webfont/1.6.26/webfont.js]
[use.typekit.net/wiy8oob.js]
[cdn.prod.website-files.com/608ef1594b6514bae8d4f970/6255889543a0bb484f2b3045_Asset 3.png]
[cdn.prod.website-files.com/608ef1594b6514bae8d4f970/6255889c2e942a343a72fea6_Asset 3.png]
[use.typekit.net/wiy8oob.css]
[kit.fontawesome.com/4bb9fb7448.js]
[d2ivt1ny4io8b5.cloudfront.net/prod/scalenut/script.js]
[cdn.prod.website-files.com/608ef1594b6514bae8d4f970/673b288323b30f15eeaa47c1_green-white.png]
[www.saas-hackers.com/job-descriptions/b2b-seo-specialist.html]
[www.saas-hackers.com/job-descriptions/content-marketing-manager.html]
[d3e54v103j8qbb.cloudfront.net/js/jquery-3.5.1.min.dc5e7f18c88bea.js]
[js-eu1.hs-scripts.com/26022236.js]
[www.saas-hackers.com/job-descriptions/content-creator.html]
[cdn.prod.website-files.com/608ef1594b6514bae8d4f970/css/saas-hackers.webflow.458a76ed3.min.css]
[cdn.prod.website-files.com/608ef1594b6514bae8d4f970/js/webflow.9b1908cd0a12982151ec384f847fb843.js]
[use.typekit.net/af/174e41/00000000000000007735c867/30/le196]
[use.typekit.net/af/174e41/00000000000000007735c867/30/de196]
[use.typekit.net/af/174e41/00000000000000007735c867/30/ae196]
[use.typekit.net/af/f22e6a/00000000000000007735c869/30/lfdcc]
[use.typekit.net/af/f22e6a/00000000000000007735c869/30/dfdcc]
[use.typekit.net/af/f22e6a/00000000000000007735c869/30/afdcc]
[use.typekit.net/af/36a2f5/00000000000000007735c877/30/l652f]
[use.typekit.net/af/36a2f5/00000000000000007735c877/30/d652f]
[use.typekit.net/af/36a2f5/00000000000000007735c877/30/a652f]
[use.typekit.net/af/29fa5e/00000000000000007735c87b/30/le265]
[use.typekit.net/af/29fa5e/00000000000000007735c87b/30/de265]
[use.typekit.net/af/29fa5e/00000000000000007735c87b/30/ae265]
[use.typekit.net/af/3e504d/00000000000000007735c85b/30/le196]
[use.typekit.net/af/3e504d/00000000000000007735c85b/30/de196]
[use.typekit.net/af/3e504d/00000000000000007735c85b/30/ae196]
[use.typekit.net/af/db0d0a/00000000000000007735c85f/30/lfdcc]
[use.typekit.net/af/db0d0a/00000000000000007735c85f/30/dfdcc]
[use.typekit.net/af/db0d0a/00000000000000007735c85f/30/afdcc]
[use.typekit.net/af/90e1f3/00000000000000007735c870/30/l652f]
[use.typekit.net/af/90e1f3/00000000000000007735c870/30/d652f]
[use.typekit.net/af/90e1f3/00000000000000007735c870/30/a652f]
[use.typekit.net/af/7444bf/00000000000000007735c873/30/le265]
[use.typekit.net/af/7444bf/00000000000000007735c873/30/de265]
[use.typekit.net/af/7444bf/00000000000000007735c873/30/ae265]
[use.typekit.net/af/c66587/00000000000000007735c865/30/le196]
[use.typekit.net/af/c66587/00000000000000007735c865/30/de196]
[use.typekit.net/af/c66587/00000000000000007735c865/30/ae196]
[use.typekit.net/af/794c97/00000000000000007735c868/30/lfdcc]
[use.typekit.net/af/794c97/00000000000000007735c868/30/dfdcc]
[use.typekit.net/af/794c97/00000000000000007735c868/30/afdcc]
[use.typekit.net/af/e8ed45/00000000000000007735c879/30/l652f]
[use.typekit.net/af/e8ed45/00000000000000007735c879/30/d652f]
[use.typekit.net/af/e8ed45/00000000000000007735c879/30/a652f]
[use.typekit.net/af/3ff681/00000000000000007735c87a/30/le265]
[use.typekit.net/af/3ff681/00000000000000007735c87a/30/de265]
[use.typekit.net/wiy8oob.css]
[www.googletagmanager.com/gtm5445.html]
[www.saas-hackers.com/job-descriptions/b2b-seo-specialist.html]
[www.saas-hackers.com/job-descriptions/content-marketing-manager.html]
[p.typekit.net/p93a6.css]
[use.typekit.net/af/3ff681/00000000000000007735c87a/30/ae265]
[www.saas-hackers.com/job-descriptions/community-marketing-manager.html]
