[memberful.com/blog/digital-creator/index.html]
[backblue.gif]
[fade.gif]
[index.html]
[memberful.com/images/blog/digital-creator-6fea29c9.jpg]
[cdn-cookieyes.com/client_data/9e5641a402331e15e154dc0e/script.js]
[www.google-analytics.com/analytics.js]
[js.memberful.com/embed.js]
[cdn.jsdelivr.net/npm/docsearch.js@2/dist/cdn/docsearch.min.css]
[memberful.com/build-faa2520d.css]
[memberful.com/build-06d70a61.js]
[memberful.com/images/blog/digital-creator1-ae338247.jpg]
[memberful.com/images/blog/digital-creator2-1c915e00.jpg]
[memberful.com/images/blog/what-is-a-digital-creator-2805eae2.jpg]
[memberful.com/images/blog/digital-creator3-6a8461d6.jpg]
[memberful.com/images/blog/digital-creator4-c1716bda.jpg]
[memberful.com/images/blog/digital-creator-podcaster-5f371b28.jpg]
[memberful.com/images/blog/digital-creator5-855b3ec3.jpg]
[memberful.com/blog/digital-creator/index.html]
[www.googletagmanager.com/gtm5445.html]
[cdn.jsdelivr.net/npm/docsearch.js@2/dist/cdn/docsearch.min.css]
[memberful.com/f30676145f7ec799a856aa6a59c654c3-8086e73b.woff]
[memberful.com/ecfcc72471daefcad07958462628e75e-c7f4e4d0.woff2]
[memberful.com/e5684f3ceb2c421b484fca0d79690761-20f64148.eot]
[memberful.com/3c15730e997c7fec65a6444a4ef9cc01-3b9b2441.woff]
[memberful.com/938afb01000638425ce0a7c1f93cb4b4-a7be66fa.woff2]
[memberful.com/b08e62f9d16dfd11f6f19efd113e3857-e07e622f.eot]
[memberful.com/1a1b4a790a68bb9f1e4da197a15ab833-3356e51b.woff]
[memberful.com/853578f41d7001101b10660e6059db1e-08723fa7.woff2]
[memberful.com/d106e2132133482428e77f1393e0fe31-c4671b52.eot]
[memberful.com/f2f7c3b8831988d4f08f6b9a2c672acd-7b21e653.png]
[memberful.com/4807bf18b57536b3d437c09cbaf0d721-abccdf4a.jpg]
[memberful.com/81571a2b3243e6ec0baba85932659ac1-f279ccd3.jpg]
[memberful.com/e8e1a4a3063abe3c6369736b54d0cdeb-3e9ae404.jpg]
[memberful.com/4536878e81dddb3ae0ce515ddb40351f-3f853419.png]
[memberful.com/f4d5b4ca4f9aa27ac770fe41b64daf09-f12d7815.png]
[memberful.com/3f2f30ab313e40842b8e60d2db9279fa-199f1cec.svg]
[memberful.com/3cae7093de6d0047b062c89fa3afbb1c-0ddbe36d.svg]
[memberful.com/8d6d9e10901605320fad82c4af1bf3c8-6371bad8.svg]
[memberful.com/1a2123231da1ca4a9a98a64b928db00d-5aea4124.jpg]
[memberful.com/build-faa2520d.css]
[memberful.com/3f2f30ab313e40842b8e60d2db9279fa-199f1cec.svg]
[memberful.com/3cae7093de6d0047b062c89fa3afbb1c-0ddbe36d.svg]
[memberful.com/8d6d9e10901605320fad82c4af1bf3c8-6371bad8.svg]
